# JRE version: OpenJDK Runtime Environment Temurin-21.0.4+7 (21.0.4+7) (build 21.0.4+7-LTS)
# Java VM: OpenJDK 64-Bit Server VM Temurin-21.0.4+7 (21.0.4+7-LTS, mixed mode, emulated-client, tiered, compressed oops, compressed class ptrs, g1 gc, bsd-aarch64)
GC Precious Log:
 CardTable entry size: 512
 Card Set container configuration: InlinePtr #cards 4 size 8 Array Of Cards #cards 32 size 80 Howl #buckets 8 coarsen threshold 7372 Howl Bitmap #cards 1024 size 144 coarsen threshold 921 Card regions per heap region 1 cards per card region 8192
 CPUs: 8 total, 8 available
 Memory: 24576M
 Large Page Support: Disabled
 NUMA Support: Disabled
 Compressed Oops: Enabled (Zero based)
 Heap Region Size: 4M
 Heap Min Capacity: 8M
 Heap Initial Capacity: 384M
 Heap Max Capacity: 6G
 Pre-touch: Disabled
 Parallel Workers: 8
 Concurrent Workers: 2
 Concurrent Refinement Workers: 8
 Periodic GC: Disabled
Heap:
 garbage-first heap   total 110592K, used 86401K [0x0000000680000000, 0x0000000800000000)
  region size 4096K, 14 young (57344K), 1 survivors (4096K)
 Metaspace       used 88839K, committed 89792K, reserved 1179648K
  class space    used 11737K, committed 12160K, reserved 1048576K
GC Heap History (20 events):
Event: 975.682 GC heap after
{Heap after GC invocations=55 (full 14):
 garbage-first heap   total 81920K, used 31288K [0x0000000680000000, 0x0000000800000000)
  region size 4096K, 1 young (4096K), 1 survivors (4096K)
 Metaspace       used 87290K, committed 88128K, reserved 1179648K
  class space    used 11605K, committed 11968K, reserved 1048576K
}
Event: 992.358 GC heap before
{Heap before GC invocations=55 (full 14):
 garbage-first heap   total 81920K, used 59960K [0x0000000680000000, 0x0000000800000000)
  region size 4096K, 9 young (36864K), 1 survivors (4096K)
 Metaspace       used 87506K, committed 88320K, reserved 1179648K
  class space    used 11619K, committed 11968K, reserved 1048576K
}
Event: 992.394 GC heap after
{Heap after GC invocations=56 (full 15):
 garbage-first heap   total 81920K, used 27981K [0x0000000680000000, 0x0000000800000000)
  region size 4096K, 0 young (0K), 0 survivors (0K)
 Metaspace       used 87503K, committed 88320K, reserved 1179648K
  class space    used 11619K, committed 11968K, reserved 1048576K
}
Event: 992.515 GC heap before
{Heap before GC invocations=56 (full 15):
 garbage-first heap   total 81920K, used 64845K [0x0000000680000000, 0x0000000800000000)
  region size 4096K, 9 young (36864K), 0 survivors (0K)
 Metaspace       used 87541K, committed 88320K, reserved 1179648K
  class space    used 11624K, committed 11968K, reserved 1048576K
}
Event: 992.516 GC heap after
{Heap after GC invocations=57 (full 15):
 garbage-first heap   total 81920K, used 31469K [0x0000000680000000, 0x0000000800000000)
  region size 4096K, 1 young (4096K), 1 survivors (4096K)
 Metaspace       used 87541K, committed 88320K, reserved 1179648K
  class space    used 11624K, committed 11968K, reserved 1048576K
}
Event: 1002.137 GC heap before
{Heap before GC invocations=57 (full 15):
 garbage-first heap   total 81920K, used 56045K [0x0000000680000000, 0x0000000800000000)
  region size 4096K, 8 young (32768K), 1 survivors (4096K)
 Metaspace       used 87760K, committed 88640K, reserved 1179648K
  class space    used 11639K, committed 12032K, reserved 1048576K
}
Event: 1002.175 GC heap after
{Heap after GC invocations=58 (full 16):
 garbage-first heap   total 81920K, used 28009K [0x0000000680000000, 0x0000000800000000)
  region size 4096K, 0 young (0K), 0 survivors (0K)
 Metaspace       used 87754K, committed 88640K, reserved 1179648K
  class space    used 11638K, committed 12032K, reserved 1048576K
}
Event: 1002.294 GC heap before
{Heap before GC invocations=58 (full 16):
 garbage-first heap   total 81920K, used 64873K [0x0000000680000000, 0x0000000800000000)
  region size 4096K, 9 young (36864K), 0 survivors (0K)
 Metaspace       used 87793K, committed 88640K, reserved 1179648K
  class space    used 11644K, committed 12032K, reserved 1048576K
}
Event: 1002.296 GC heap after
{Heap after GC invocations=59 (full 16):
 garbage-first heap   total 81920K, used 31459K [0x0000000680000000, 0x0000000800000000)
  region size 4096K, 1 young (4096K), 1 survivors (4096K)
 Metaspace       used 87793K, committed 88640K, reserved 1179648K
  class space    used 11644K, committed 12032K, reserved 1048576K
}
Event: 1037.263 GC heap before
{Heap before GC invocations=59 (full 16):
 garbage-first heap   total 81920K, used 64227K [0x0000000680000000, 0x0000000800000000)
  region size 4096K, 9 young (36864K), 1 survivors (4096K)
 Metaspace       used 88006K, committed 88832K, reserved 1179648K
  class space    used 11658K, committed 12032K, reserved 1048576K
}
Event: 1037.271 GC heap after
{Heap after GC invocations=60 (full 16):
 garbage-first heap   total 237568K, used 32560K [0x0000000680000000, 0x0000000800000000)
  region size 4096K, 2 young (8192K), 2 survivors (8192K)
 Metaspace       used 88006K, committed 88832K, reserved 1179648K
  class space    used 11658K, committed 12032K, reserved 1048576K
}
Event: 1055.289 GC heap before
{Heap before GC invocations=60 (full 16):
 garbage-first heap   total 237568K, used 36656K [0x0000000680000000, 0x0000000800000000)
  region size 4096K, 4 young (16384K), 2 survivors (8192K)
 Metaspace       used 88129K, committed 88960K, reserved 1179648K
  class space    used 11661K, committed 12032K, reserved 1048576K
}
Event: 1055.318 GC heap after
{Heap after GC invocations=61 (full 17):
 garbage-first heap   total 122880K, used 28019K [0x0000000680000000, 0x0000000800000000)
  region size 4096K, 0 young (0K), 0 survivors (0K)
 Metaspace       used 88126K, committed 88960K, reserved 1179648K
  class space    used 11661K, committed 12032K, reserved 1048576K
}
Event: 1064.947 GC heap before
{Heap before GC invocations=61 (full 17):
 garbage-first heap   total 122880K, used 89459K [0x0000000680000000, 0x0000000800000000)
  region size 4096K, 16 young (65536K), 0 survivors (0K)
 Metaspace       used 88376K, committed 89216K, reserved 1179648K
  class space    used 11680K, committed 12032K, reserved 1048576K
}
Event: 1064.958 GC heap after
{Heap after GC invocations=62 (full 17):
 garbage-first heap   total 122880K, used 32501K [0x0000000680000000, 0x0000000800000000)
  region size 4096K, 2 young (8192K), 2 survivors (8192K)
 Metaspace       used 88376K, committed 89216K, reserved 1179648K
  class space    used 11680K, committed 12032K, reserved 1048576K
}
Event: 1112.493 GC heap before
{Heap before GC invocations=63 (full 17):
 garbage-first heap   total 122880K, used 40693K [0x0000000680000000, 0x0000000800000000)
  region size 4096K, 5 young (20480K), 2 survivors (8192K)
 Metaspace       used 88378K, committed 89216K, reserved 1179648K
  class space    used 11681K, committed 12032K, reserved 1048576K
}
Event: 1112.525 GC heap after
{Heap after GC invocations=64 (full 18):
 garbage-first heap   total 110592K, used 28228K [0x0000000680000000, 0x0000000800000000)
  region size 4096K, 0 young (0K), 0 survivors (0K)
 Metaspace       used 88378K, committed 89216K, reserved 1179648K
  class space    used 11681K, committed 12032K, reserved 1048576K
}
Event: 1124.278 GC heap before
{Heap before GC invocations=64 (full 18):
 garbage-first heap   total 110592K, used 85572K [0x0000000680000000, 0x0000000800000000)
  region size 4096K, 15 young (61440K), 0 survivors (0K)
 Metaspace       used 88563K, committed 89472K, reserved 1179648K
  class space    used 11713K, committed 12096K, reserved 1048576K
}
Event: 1124.280 GC heap after
{Heap after GC invocations=65 (full 18):
 garbage-first heap   total 110592K, used 33153K [0x0000000680000000, 0x0000000800000000)
  region size 4096K, 2 young (8192K), 2 survivors (8192K)
 Metaspace       used 88563K, committed 89472K, reserved 1179648K
  class space    used 11713K, committed 12096K, reserved 1048576K
}
Event: 1206.991 GC heap before
{Heap before GC invocations=65 (full 18):
 garbage-first heap   total 110592K, used 82305K [0x0000000680000000, 0x0000000800000000)
  region size 4096K, 15 young (61440K), 2 survivors (8192K)
 Metaspace       used 88839K, committed 89792K, reserved 1179648K
  class space    used 11737K, committed 12160K, reserved 1048576K
}

